# JRE version: OpenJDK Runtime Environment Temurin-17.0.13+11 (17.0.13+11) (build 17.0.13+11)
# Java VM: OpenJDK 64-Bit Server VM Temurin-17.0.13+11 (17.0.13+11, mixed mode, tiered, compressed oops, compressed class ptrs, parallel gc, windows-amd64)
GC Precious Log:
 CPUs: 4 total, 4 available
 Memory: 16252M
 Large Page Support: Disabled
 NUMA Support: Disabled
 Compressed Oops: Enabled (32-bit)
 Alignments: Space 512K, Generation 512K, Heap 2M
 Heap Min Capacity: 100M
 Heap Initial Capacity: 100M
 Heap Max Capacity: 1G
 Pre-touch: Disabled
 Parallel Workers: 4
Heap:
 PSYoungGen      total 4096K, used 593K [0x00000000eab00000, 0x00000000eaf80000, 0x0000000100000000)
  eden space 3584K, 11% used [0x00000000eab00000,0x00000000eab64590,0x00000000eae80000)
  from space 512K, 37% used [0x00000000eaf00000,0x00000000eaf30000,0x00000000eaf80000)
  to   space 512K, 0% used [0x00000000eae80000,0x00000000eae80000,0x00000000eaf00000)
 ParOldGen       total 162816K, used 154174K [0x00000000c0000000, 0x00000000c9f00000, 0x00000000eab00000)
  object space 162816K, 94% used [0x00000000c0000000,0x00000000c968fa60,0x00000000c9f00000)
 Metaspace       used 95673K, committed 96960K, reserved 1179648K
  class space    used 9246K, committed 9792K, reserved 1048576K
GC Heap History (20 events):
Event: 13865.088 GC heap before
{Heap before GC invocations=20734 (full 449):
 PSYoungGen      total 2048K, used 1984K [0x00000000eab00000, 0x00000000eaf00000, 0x0000000100000000)
  eden space 1536K, 100% used [0x00000000eab00000,0x00000000eac80000,0x00000000eac80000)
  from space 512K, 87% used [0x00000000eae80000,0x00000000eaef0000,0x00000000eaf00000)
  to   space 1024K, 0% used [0x00000000ead00000,0x00000000ead00000,0x00000000eae00000)
 ParOldGen       total 162816K, used 151743K [0x00000000c0000000, 0x00000000c9f00000, 0x00000000eab00000)
  object space 162816K, 93% used [0x00000000c0000000,0x00000000c942fdf0,0x00000000c9f00000)
 Metaspace       used 95581K, committed 96832K, reserved 1179648K
  class space    used 9228K, committed 9792K, reserved 1048576K
}
Event: 13865.089 GC heap after
{Heap after GC invocations=20734 (full 449):
 PSYoungGen      total 3072K, used 414K [0x00000000eab00000, 0x00000000eaf00000, 0x0000000100000000)
  eden space 2048K, 0% used [0x00000000eab00000,0x00000000eab00000,0x00000000ead00000)
  from space 1024K, 40% used [0x00000000ead00000,0x00000000ead67bd8,0x00000000eae00000)
  to   space 512K, 0% used [0x00000000eae80000,0x00000000eae80000,0x00000000eaf00000)
 ParOldGen       total 162816K, used 151767K [0x00000000c0000000, 0x00000000c9f00000, 0x00000000eab00000)
  object space 162816K, 93% used [0x00000000c0000000,0x00000000c9435df0,0x00000000c9f00000)
 Metaspace       used 95581K, committed 96832K, reserved 1179648K
  class space    used 9228K, committed 9792K, reserved 1048576K
}
Event: 13865.094 GC heap before
{Heap before GC invocations=20735 (full 449):
 PSYoungGen      total 3072K, used 2462K [0x00000000eab00000, 0x00000000eaf00000, 0x0000000100000000)
  eden space 2048K, 99% used [0x00000000eab00000,0x00000000eacfffa0,0x00000000ead00000)
  from space 1024K, 40% used [0x00000000ead00000,0x00000000ead67bd8,0x00000000eae00000)
  to   space 512K, 0% used [0x00000000eae80000,0x00000000eae80000,0x00000000eaf00000)
 ParOldGen       total 162816K, used 151767K [0x00000000c0000000, 0x00000000c9f00000, 0x00000000eab00000)
  object space 162816K, 93% used [0x00000000c0000000,0x00000000c9435df0,0x00000000c9f00000)
 Metaspace       used 95581K, committed 96832K, reserved 1179648K
  class space    used 9228K, committed 9792K, reserved 1048576K
}
Event: 13865.096 GC heap after
{Heap after GC invocations=20735 (full 449):
 PSYoungGen      total 2560K, used 512K [0x00000000eab00000, 0x00000000eb080000, 0x0000000100000000)
  eden space 2048K, 0% used [0x00000000eab00000,0x00000000eab00000,0x00000000ead00000)
  from space 512K, 100% used [0x00000000eae80000,0x00000000eaf00000,0x00000000eaf00000)
  to   space 1536K, 0% used [0x00000000ead00000,0x00000000ead00000,0x00000000eae80000)
 ParOldGen       total 162816K, used 152449K [0x00000000c0000000, 0x00000000c9f00000, 0x00000000eab00000)
  object space 162816K, 93% used [0x00000000c0000000,0x00000000c94e0458,0x00000000c9f00000)
 Metaspace       used 95581K, committed 96832K, reserved 1179648K
  class space    used 9228K, committed 9792K, reserved 1048576K
}
Event: 13865.103 GC heap before
{Heap before GC invocations=20736 (full 449):
 PSYoungGen      total 2560K, used 2560K [0x00000000eab00000, 0x00000000eb080000, 0x0000000100000000)
  eden space 2048K, 100% used [0x00000000eab00000,0x00000000ead00000,0x00000000ead00000)
  from space 512K, 100% used [0x00000000eae80000,0x00000000eaf00000,0x00000000eaf00000)
  to   space 1536K, 0% used [0x00000000ead00000,0x00000000ead00000,0x00000000eae80000)
 ParOldGen       total 162816K, used 152449K [0x00000000c0000000, 0x00000000c9f00000, 0x00000000eab00000)
  object space 162816K, 93% used [0x00000000c0000000,0x00000000c94e0458,0x00000000c9f00000)
 Metaspace       used 95581K, committed 96832K, reserved 1179648K
  class space    used 9228K, committed 9792K, reserved 1048576K
}
Event: 13865.105 GC heap after
{Heap after GC invocations=20736 (full 449):
 PSYoungGen      total 3584K, used 1040K [0x00000000eab00000, 0x00000000eb080000, 0x0000000100000000)
  eden space 2048K, 0% used [0x00000000eab00000,0x00000000eab00000,0x00000000ead00000)
  from space 1536K, 67% used [0x00000000ead00000,0x00000000eae04010,0x00000000eae80000)
  to   space 1536K, 0% used [0x00000000eaf00000,0x00000000eaf00000,0x00000000eb080000)
 ParOldGen       total 162816K, used 152961K [0x00000000c0000000, 0x00000000c9f00000, 0x00000000eab00000)
  object space 162816K, 93% used [0x00000000c0000000,0x00000000c9560458,0x00000000c9f00000)
 Metaspace       used 95581K, committed 96832K, reserved 1179648K
  class space    used 9228K, committed 9792K, reserved 1048576K
}
Event: 13865.109 GC heap before
{Heap before GC invocations=20737 (full 449):
 PSYoungGen      total 3584K, used 3088K [0x00000000eab00000, 0x00000000eb080000, 0x0000000100000000)
  eden space 2048K, 100% used [0x00000000eab00000,0x00000000ead00000,0x00000000ead00000)
  from space 1536K, 67% used [0x00000000ead00000,0x00000000eae04010,0x00000000eae80000)
  to   space 1536K, 0% used [0x00000000eaf00000,0x00000000eaf00000,0x00000000eb080000)
 ParOldGen       total 162816K, used 152961K [0x00000000c0000000, 0x00000000c9f00000, 0x00000000eab00000)
  object space 162816K, 93% used [0x00000000c0000000,0x00000000c9560458,0x00000000c9f00000)
 Metaspace       used 95581K, committed 96832K, reserved 1179648K
  class space    used 9228K, committed 9792K, reserved 1048576K
}
Event: 13865.111 GC heap after
{Heap after GC invocations=20737 (full 449):
 PSYoungGen      total 3072K, used 128K [0x00000000eab00000, 0x00000000eaf80000, 0x0000000100000000)
  eden space 2560K, 0% used [0x00000000eab00000,0x00000000eab00000,0x00000000ead80000)
  from space 512K, 25% used [0x00000000eaf00000,0x00000000eaf20000,0x00000000eaf80000)
  to   space 512K, 0% used [0x00000000eae80000,0x00000000eae80000,0x00000000eaf00000)
 ParOldGen       total 162816K, used 153923K [0x00000000c0000000, 0x00000000c9f00000, 0x00000000eab00000)
  object space 162816K, 94% used [0x00000000c0000000,0x00000000c9650c08,0x00000000c9f00000)
 Metaspace       used 95581K, committed 96832K, reserved 1179648K
  class space    used 9228K, committed 9792K, reserved 1048576K
}
Event: 13865.118 GC heap before
{Heap before GC invocations=20738 (full 449):
 PSYoungGen      total 3072K, used 2688K [0x00000000eab00000, 0x00000000eaf80000, 0x0000000100000000)
  eden space 2560K, 100% used [0x00000000eab00000,0x00000000ead80000,0x00000000ead80000)
  from space 512K, 25% used [0x00000000eaf00000,0x00000000eaf20000,0x00000000eaf80000)
  to   space 512K, 0% used [0x00000000eae80000,0x00000000eae80000,0x00000000eaf00000)
 ParOldGen       total 162816K, used 153923K [0x00000000c0000000, 0x00000000c9f00000, 0x00000000eab00000)
  object space 162816K, 94% used [0x00000000c0000000,0x00000000c9650c08,0x00000000c9f00000)
 Metaspace       used 95581K, committed 96832K, reserved 1179648K
  class space    used 9228K, committed 9792K, reserved 1048576K
}
Event: 13865.120 GC heap after
{Heap after GC invocations=20738 (full 449):
 PSYoungGen      total 3584K, used 254K [0x00000000eab00000, 0x00000000eaf80000, 0x0000000100000000)
  eden space 3072K, 0% used [0x00000000eab00000,0x00000000eab00000,0x00000000eae00000)
  from space 512K, 49% used [0x00000000eae80000,0x00000000eaebfbd8,0x00000000eaf00000)
  to   space 512K, 0% used [0x00000000eaf00000,0x00000000eaf00000,0x00000000eaf80000)
 ParOldGen       total 162816K, used 153955K [0x00000000c0000000, 0x00000000c9f00000, 0x00000000eab00000)
  object space 162816K, 94% used [0x00000000c0000000,0x00000000c9658c08,0x00000000c9f00000)
 Metaspace       used 95581K, committed 96832K, reserved 1179648K
  class space    used 9228K, committed 9792K, reserved 1048576K
}
Event: 13865.128 GC heap before
{Heap before GC invocations=20739 (full 449):
 PSYoungGen      total 3584K, used 3326K [0x00000000eab00000, 0x00000000eaf80000, 0x0000000100000000)
  eden space 3072K, 99% used [0x00000000eab00000,0x00000000eadffde8,0x00000000eae00000)
  from space 512K, 49% used [0x00000000eae80000,0x00000000eaebfbd8,0x00000000eaf00000)
  to   space 512K, 0% used [0x00000000eaf00000,0x00000000eaf00000,0x00000000eaf80000)
 ParOldGen       total 162816K, used 153955K [0x00000000c0000000, 0x00000000c9f00000, 0x00000000eab00000)
  object space 162816K, 94% used [0x00000000c0000000,0x00000000c9658c08,0x00000000c9f00000)
 Metaspace       used 95581K, committed 96832K, reserved 1179648K
  class space    used 9228K, committed 9792K, reserved 1048576K
}
Event: 13865.129 GC heap after
{Heap after GC invocations=20739 (full 449):
 PSYoungGen      total 4096K, used 128K [0x00000000eab00000, 0x00000000eb000000, 0x0000000100000000)
  eden space 3584K, 0% used [0x00000000eab00000,0x00000000eab00000,0x00000000eae80000)
  from space 512K, 25% used [0x00000000eaf00000,0x00000000eaf20000,0x00000000eaf80000)
  to   space 512K, 0% used [0x00000000eae80000,0x00000000eae80000,0x00000000eaf00000)
 ParOldGen       total 162816K, used 154094K [0x00000000c0000000, 0x00000000c9f00000, 0x00000000eab00000)
  object space 162816K, 94% used [0x00000000c0000000,0x00000000c967ba60,0x00000000c9f00000)
 Metaspace       used 95581K, committed 96832K, reserved 1179648K
  class space    used 9228K, committed 9792K, reserved 1048576K
}
Event: 13865.139 GC heap before
{Heap before GC invocations=20740 (full 449):
 PSYoungGen      total 4096K, used 3712K [0x00000000eab00000, 0x00000000eb000000, 0x0000000100000000)
  eden space 3584K, 100% used [0x00000000eab00000,0x00000000eae80000,0x00000000eae80000)
  from space 512K, 25% used [0x00000000eaf00000,0x00000000eaf20000,0x00000000eaf80000)
  to   space 512K, 0% used [0x00000000eae80000,0x00000000eae80000,0x00000000eaf00000)
 ParOldGen       total 162816K, used 154094K [0x00000000c0000000, 0x00000000c9f00000, 0x00000000eab00000)
  object space 162816K, 94% used [0x00000000c0000000,0x00000000c967ba60,0x00000000c9f00000)
 Metaspace       used 95581K, committed 96832K, reserved 1179648K
  class space    used 9228K, committed 9792K, reserved 1048576K
}
Event: 13865.140 GC heap after
{Heap after GC invocations=20740 (full 449):
 PSYoungGen      total 4096K, used 128K [0x00000000eab00000, 0x00000000eaf80000, 0x0000000100000000)
  eden space 3584K, 0% used [0x00000000eab00000,0x00000000eab00000,0x00000000eae80000)
  from space 512K, 25% used [0x00000000eae80000,0x00000000eaea0000,0x00000000eaf00000)
  to   space 512K, 0% used [0x00000000eaf00000,0x00000000eaf00000,0x00000000eaf80000)
 ParOldGen       total 162816K, used 154118K [0x00000000c0000000, 0x00000000c9f00000, 0x00000000eab00000)
  object space 162816K, 94% used [0x00000000c0000000,0x00000000c9681a60,0x00000000c9f00000)
 Metaspace       used 95581K, committed 96832K, reserved 1179648K
  class space    used 9228K, committed 9792K, reserved 1048576K
}
Event: 13954.214 GC heap before
{Heap before GC invocations=20741 (full 449):
 PSYoungGen      total 4096K, used 3708K [0x00000000eab00000, 0x00000000eaf80000, 0x0000000100000000)
  eden space 3584K, 99% used [0x00000000eab00000,0x00000000eae7f1d8,0x00000000eae80000)
  from space 512K, 25% used [0x00000000eae80000,0x00000000eaea0000,0x00000000eaf00000)
  to   space 512K, 0% used [0x00000000eaf00000,0x00000000eaf00000,0x00000000eaf80000)
 ParOldGen       total 162816K, used 154118K [0x00000000c0000000, 0x00000000c9f00000, 0x00000000eab00000)
  object space 162816K, 94% used [0x00000000c0000000,0x00000000c9681a60,0x00000000c9f00000)
 Metaspace       used 95583K, committed 96832K, reserved 1179648K
  class space    used 9228K, committed 9792K, reserved 1048576K
}
Event: 13954.215 GC heap after
{Heap after GC invocations=20741 (full 449):
 PSYoungGen      total 4096K, used 128K [0x00000000eab00000, 0x00000000eaf80000, 0x0000000100000000)
  eden space 3584K, 0% used [0x00000000eab00000,0x00000000eab00000,0x00000000eae80000)
  from space 512K, 25% used [0x00000000eaf00000,0x00000000eaf20000,0x00000000eaf80000)
  to   space 512K, 0% used [0x00000000eae80000,0x00000000eae80000,0x00000000eaf00000)
 ParOldGen       total 162816K, used 154142K [0x00000000c0000000, 0x00000000c9f00000, 0x00000000eab00000)
  object space 162816K, 94% used [0x00000000c0000000,0x00000000c9687a60,0x00000000c9f00000)
 Metaspace       used 95583K, committed 96832K, reserved 1179648K
  class space    used 9228K, committed 9792K, reserved 1048576K
}
Event: 13977.833 GC heap before
{Heap before GC invocations=20742 (full 449):
 PSYoungGen      total 4096K, used 3712K [0x00000000eab00000, 0x00000000eaf80000, 0x0000000100000000)
  eden space 3584K, 100% used [0x00000000eab00000,0x00000000eae80000,0x00000000eae80000)
  from space 512K, 25% used [0x00000000eaf00000,0x00000000eaf20000,0x00000000eaf80000)
  to   space 512K, 0% used [0x00000000eae80000,0x00000000eae80000,0x00000000eaf00000)
 ParOldGen       total 162816K, used 154142K [0x00000000c0000000, 0x00000000c9f00000, 0x00000000eab00000)
  object space 162816K, 94% used [0x00000000c0000000,0x00000000c9687a60,0x00000000c9f00000)
 Metaspace       used 95583K, committed 96832K, reserved 1179648K
  class space    used 9228K, committed 9792K, reserved 1048576K
}
Event: 13977.834 GC heap after
{Heap after GC invocations=20742 (full 449):
 PSYoungGen      total 4096K, used 96K [0x00000000eab00000, 0x00000000eaf80000, 0x0000000100000000)
  eden space 3584K, 0% used [0x00000000eab00000,0x00000000eab00000,0x00000000eae80000)
  from space 512K, 18% used [0x00000000eae80000,0x00000000eae98000,0x00000000eaf00000)
  to   space 512K, 0% used [0x00000000eaf00000,0x00000000eaf00000,0x00000000eaf80000)
 ParOldGen       total 162816K, used 154166K [0x00000000c0000000, 0x00000000c9f00000, 0x00000000eab00000)
  object space 162816K, 94% used [0x00000000c0000000,0x00000000c968da60,0x00000000c9f00000)
 Metaspace       used 95583K, committed 96832K, reserved 1179648K
  class space    used 9228K, committed 9792K, reserved 1048576K
}
Event: 14010.953 GC heap before
{Heap before GC invocations=20743 (full 449):
 PSYoungGen      total 4096K, used 3679K [0x00000000eab00000, 0x00000000eaf80000, 0x0000000100000000)
  eden space 3584K, 99% used [0x00000000eab00000,0x00000000eae7ffd0,0x00000000eae80000)
  from space 512K, 18% used [0x00000000eae80000,0x00000000eae98000,0x00000000eaf00000)
  to   space 512K, 0% used [0x00000000eaf00000,0x00000000eaf00000,0x00000000eaf80000)
 ParOldGen       total 162816K, used 154166K [0x00000000c0000000, 0x00000000c9f00000, 0x00000000eab00000)
  object space 162816K, 94% used [0x00000000c0000000,0x00000000c968da60,0x00000000c9f00000)
 Metaspace       used 95648K, committed 96960K, reserved 1179648K
  class space    used 9239K, committed 9792K, reserved 1048576K
}
Event: 14010.956 GC heap after
{Heap after GC invocations=20743 (full 449):
 PSYoungGen      total 4096K, used 192K [0x00000000eab00000, 0x00000000eaf80000, 0x0000000100000000)
  eden space 3584K, 0% used [0x00000000eab00000,0x00000000eab00000,0x00000000eae80000)
  from space 512K, 37% used [0x00000000eaf00000,0x00000000eaf30000,0x00000000eaf80000)
  to   space 512K, 0% used [0x00000000eae80000,0x00000000eae80000,0x00000000eaf00000)
 ParOldGen       total 162816K, used 154174K [0x00000000c0000000, 0x00000000c9f00000, 0x00000000eab00000)
  object space 162816K, 94% used [0x00000000c0000000,0x00000000c968fa60,0x00000000c9f00000)
 Metaspace       used 95648K, committed 96960K, reserved 1179648K
  class space    used 9239K, committed 9792K, reserved 1048576K
}

